<?xml version="1.0" encoding="UTF-8"?>
<testng-results ignored="0" total="15" passed="12" failed="3" skipped="0">
  <reporter-output>
  </reporter-output>
  <suite started-at="2023-06-24T06:18:20Z" name="Parameter" finished-at="2023-06-24T06:18:31Z" duration-ms="10653">
    <groups>
    </groups>
    <test started-at="2023-06-24T06:18:20Z" name="Run on Chrome" finished-at="2023-06-24T06:18:29Z" duration-ms="8797">
      <class name="com.nopcommerce.account.MultipleBrowser">
        <test-method is-config="true" signature="beforeClass(java.lang.String)[pri:0, instance:com.nopcommerce.account.MultipleBrowser@6f4a47c7]" started-at="2023-06-24T06:18:20Z" name="beforeClass" finished-at="2023-06-24T06:18:24Z" duration-ms="4076" status="PASS">
          <params>
            <param index="0">
              <value>
                <![CDATA[chrome]]>
              </value>
            </param>
          </params>
          <reporter-output>
          </reporter-output>
        </test-method> <!-- beforeClass -->
        <test-method signature="Account_01_Register_EmptyData()[pri:0, instance:com.nopcommerce.account.MultipleBrowser@6f4a47c7]" started-at="2023-06-24T06:18:24Z" name="Account_01_Register_EmptyData" finished-at="2023-06-24T06:18:25Z" duration-ms="1186" status="PASS">
          <reporter-output>
          </reporter-output>
        </test-method> <!-- Account_01_Register_EmptyData -->
        <test-method signature="Account_02_Register_IncorrectUsername()[pri:0, instance:com.nopcommerce.account.MultipleBrowser@6f4a47c7]" started-at="2023-06-24T06:18:25Z" name="Account_02_Register_IncorrectUsername" finished-at="2023-06-24T06:18:25Z" duration-ms="2" status="PASS">
          <reporter-output>
          </reporter-output>
        </test-method> <!-- Account_02_Register_IncorrectUsername -->
        <test-method signature="Account_03_Register_IncorectPasword()[pri:0, instance:com.nopcommerce.account.MultipleBrowser@6f4a47c7]" started-at="2023-06-24T06:18:25Z" name="Account_03_Register_IncorectPasword" finished-at="2023-06-24T06:18:25Z" duration-ms="2" status="PASS">
          <reporter-output>
          </reporter-output>
        </test-method> <!-- Account_03_Register_IncorectPasword -->
        <test-method signature="Account_04_Register_Success()[pri:0, instance:com.nopcommerce.account.MultipleBrowser@6f4a47c7]" started-at="2023-06-24T06:18:25Z" name="Account_04_Register_Success" finished-at="2023-06-24T06:18:27Z" duration-ms="1752" status="PASS">
          <reporter-output>
          </reporter-output>
        </test-method> <!-- Account_04_Register_Success -->
        <test-method signature="Account_05_Login_Success()[pri:0, instance:com.nopcommerce.account.MultipleBrowser@6f4a47c7]" started-at="2023-06-24T06:18:27Z" name="Account_05_Login_Success" finished-at="2023-06-24T06:18:29Z" duration-ms="1563" status="FAIL">
          <exception class="java.lang.AssertionError">
            <message>
              <![CDATA[expected [Kennedy] but found [John]]]>
            </message>
            <full-stacktrace>
              <![CDATA[java.lang.AssertionError: expected [Kennedy] but found [John]
at org.testng.Assert.fail(Assert.java:96)
at org.testng.Assert.failNotEquals(Assert.java:776)
at org.testng.Assert.assertEqualsImpl(Assert.java:137)
at org.testng.Assert.assertEquals(Assert.java:118)
at org.testng.Assert.assertEquals(Assert.java:453)
at org.testng.Assert.assertEquals(Assert.java:463)
at com.nopcommerce.account.MultipleBrowser.Account_05_Login_Success(MultipleBrowser.java:87)
at java.base/jdk.internal.reflect.NativeMethodAccessorImpl.invoke0(Native Method)
at java.base/jdk.internal.reflect.NativeMethodAccessorImpl.invoke(NativeMethodAccessorImpl.java:62)
at java.base/jdk.internal.reflect.DelegatingMethodAccessorImpl.invoke(DelegatingMethodAccessorImpl.java:43)
at java.base/java.lang.reflect.Method.invoke(Method.java:566)
at org.testng.internal.MethodInvocationHelper.invokeMethod(MethodInvocationHelper.java:124)
at org.testng.internal.Invoker.invokeMethod(Invoker.java:583)
at org.testng.internal.Invoker.invokeTestMethod(Invoker.java:719)
at org.testng.internal.Invoker.invokeTestMethods(Invoker.java:989)
at org.testng.internal.TestMethodWorker.invokeTestMethods(TestMethodWorker.java:125)
at org.testng.internal.TestMethodWorker.run(TestMethodWorker.java:109)
at org.testng.TestRunner.privateRun(TestRunner.java:648)
at org.testng.TestRunner.run(TestRunner.java:505)
at org.testng.SuiteRunner.runTest(SuiteRunner.java:455)
at org.testng.SuiteRunner.access$000(SuiteRunner.java:40)
at org.testng.SuiteRunner$SuiteWorker.run(SuiteRunner.java:489)
at org.testng.internal.thread.ThreadUtil$1.call(ThreadUtil.java:52)
at java.base/java.util.concurrent.FutureTask.run(FutureTask.java:264)
at java.base/java.util.concurrent.ThreadPoolExecutor.runWorker(ThreadPoolExecutor.java:1128)
at java.base/java.util.concurrent.ThreadPoolExecutor$Worker.run(ThreadPoolExecutor.java:628)
at java.base/java.lang.Thread.run(Thread.java:834)
]]>
            </full-stacktrace>
          </exception> <!-- java.lang.AssertionError -->
          <reporter-output>
          </reporter-output>
        </test-method> <!-- Account_05_Login_Success -->
        <test-method is-config="true" signature="afterClass()[pri:0, instance:com.nopcommerce.account.MultipleBrowser@6f4a47c7]" started-at="2023-06-24T06:18:29Z" name="afterClass" finished-at="2023-06-24T06:18:29Z" duration-ms="197" status="PASS">
          <reporter-output>
          </reporter-output>
        </test-method> <!-- afterClass -->
      </class> <!-- com.nopcommerce.account.MultipleBrowser -->
    </test> <!-- Run on Chrome -->
    <test started-at="2023-06-24T06:18:20Z" name="Run on MSEdge" finished-at="2023-06-24T06:18:30Z" duration-ms="9981">
      <class name="com.nopcommerce.account.MultipleBrowser">
        <test-method is-config="true" signature="beforeClass(java.lang.String)[pri:0, instance:com.nopcommerce.account.MultipleBrowser@22fcf7ab]" started-at="2023-06-24T06:18:20Z" name="beforeClass" finished-at="2023-06-24T06:18:26Z" duration-ms="5457" status="PASS">
          <params>
            <param index="0">
              <value>
                <![CDATA[edge]]>
              </value>
            </param>
          </params>
          <reporter-output>
          </reporter-output>
        </test-method> <!-- beforeClass -->
        <test-method signature="Account_01_Register_EmptyData()[pri:0, instance:com.nopcommerce.account.MultipleBrowser@22fcf7ab]" started-at="2023-06-24T06:18:26Z" name="Account_01_Register_EmptyData" finished-at="2023-06-24T06:18:27Z" duration-ms="1034" status="PASS">
          <reporter-output>
          </reporter-output>
        </test-method> <!-- Account_01_Register_EmptyData -->
        <test-method signature="Account_02_Register_IncorrectUsername()[pri:0, instance:com.nopcommerce.account.MultipleBrowser@22fcf7ab]" started-at="2023-06-24T06:18:27Z" name="Account_02_Register_IncorrectUsername" finished-at="2023-06-24T06:18:27Z" duration-ms="1" status="PASS">
          <reporter-output>
          </reporter-output>
        </test-method> <!-- Account_02_Register_IncorrectUsername -->
        <test-method signature="Account_03_Register_IncorectPasword()[pri:0, instance:com.nopcommerce.account.MultipleBrowser@22fcf7ab]" started-at="2023-06-24T06:18:27Z" name="Account_03_Register_IncorectPasword" finished-at="2023-06-24T06:18:27Z" duration-ms="0" status="PASS">
          <reporter-output>
          </reporter-output>
        </test-method> <!-- Account_03_Register_IncorectPasword -->
        <test-method signature="Account_04_Register_Success()[pri:0, instance:com.nopcommerce.account.MultipleBrowser@22fcf7ab]" started-at="2023-06-24T06:18:27Z" name="Account_04_Register_Success" finished-at="2023-06-24T06:18:28Z" duration-ms="1727" status="PASS">
          <reporter-output>
          </reporter-output>
        </test-method> <!-- Account_04_Register_Success -->
        <test-method signature="Account_05_Login_Success()[pri:0, instance:com.nopcommerce.account.MultipleBrowser@22fcf7ab]" started-at="2023-06-24T06:18:28Z" name="Account_05_Login_Success" finished-at="2023-06-24T06:18:30Z" duration-ms="1488" status="FAIL">
          <exception class="java.lang.AssertionError">
            <message>
              <![CDATA[expected [Kennedy] but found [John]]]>
            </message>
            <full-stacktrace>
              <![CDATA[java.lang.AssertionError: expected [Kennedy] but found [John]
at org.testng.Assert.fail(Assert.java:96)
at org.testng.Assert.failNotEquals(Assert.java:776)
at org.testng.Assert.assertEqualsImpl(Assert.java:137)
at org.testng.Assert.assertEquals(Assert.java:118)
at org.testng.Assert.assertEquals(Assert.java:453)
at org.testng.Assert.assertEquals(Assert.java:463)
at com.nopcommerce.account.MultipleBrowser.Account_05_Login_Success(MultipleBrowser.java:87)
at java.base/jdk.internal.reflect.NativeMethodAccessorImpl.invoke0(Native Method)
at java.base/jdk.internal.reflect.NativeMethodAccessorImpl.invoke(NativeMethodAccessorImpl.java:62)
at java.base/jdk.internal.reflect.DelegatingMethodAccessorImpl.invoke(DelegatingMethodAccessorImpl.java:43)
at java.base/java.lang.reflect.Method.invoke(Method.java:566)
at org.testng.internal.MethodInvocationHelper.invokeMethod(MethodInvocationHelper.java:124)
at org.testng.internal.Invoker.invokeMethod(Invoker.java:583)
at org.testng.internal.Invoker.invokeTestMethod(Invoker.java:719)
at org.testng.internal.Invoker.invokeTestMethods(Invoker.java:989)
at org.testng.internal.TestMethodWorker.invokeTestMethods(TestMethodWorker.java:125)
at org.testng.internal.TestMethodWorker.run(TestMethodWorker.java:109)
at org.testng.TestRunner.privateRun(TestRunner.java:648)
at org.testng.TestRunner.run(TestRunner.java:505)
at org.testng.SuiteRunner.runTest(SuiteRunner.java:455)
at org.testng.SuiteRunner.access$000(SuiteRunner.java:40)
at org.testng.SuiteRunner$SuiteWorker.run(SuiteRunner.java:489)
at org.testng.internal.thread.ThreadUtil$1.call(ThreadUtil.java:52)
at java.base/java.util.concurrent.FutureTask.run(FutureTask.java:264)
at java.base/java.util.concurrent.ThreadPoolExecutor.runWorker(ThreadPoolExecutor.java:1128)
at java.base/java.util.concurrent.ThreadPoolExecutor$Worker.run(ThreadPoolExecutor.java:628)
at java.base/java.lang.Thread.run(Thread.java:834)
]]>
            </full-stacktrace>
          </exception> <!-- java.lang.AssertionError -->
          <reporter-output>
          </reporter-output>
        </test-method> <!-- Account_05_Login_Success -->
        <test-method is-config="true" signature="afterClass()[pri:0, instance:com.nopcommerce.account.MultipleBrowser@22fcf7ab]" started-at="2023-06-24T06:18:30Z" name="afterClass" finished-at="2023-06-24T06:18:30Z" duration-ms="262" status="PASS">
          <reporter-output>
          </reporter-output>
        </test-method> <!-- afterClass -->
      </class> <!-- com.nopcommerce.account.MultipleBrowser -->
    </test> <!-- Run on MSEdge -->
    <test started-at="2023-06-24T06:18:20Z" name="Run on Firefox" finished-at="2023-06-24T06:18:31Z" duration-ms="10652">
      <class name="com.nopcommerce.account.MultipleBrowser">
        <test-method is-config="true" signature="beforeClass(java.lang.String)[pri:0, instance:com.nopcommerce.account.MultipleBrowser@55fe41ea]" started-at="2023-06-24T06:18:20Z" name="beforeClass" finished-at="2023-06-24T06:18:25Z" duration-ms="5237" status="PASS">
          <params>
            <param index="0">
              <value>
                <![CDATA[firefox]]>
              </value>
            </param>
          </params>
          <reporter-output>
          </reporter-output>
        </test-method> <!-- beforeClass -->
        <test-method signature="Account_01_Register_EmptyData()[pri:0, instance:com.nopcommerce.account.MultipleBrowser@55fe41ea]" started-at="2023-06-24T06:18:25Z" name="Account_01_Register_EmptyData" finished-at="2023-06-24T06:18:27Z" duration-ms="1284" status="PASS">
          <reporter-output>
          </reporter-output>
        </test-method> <!-- Account_01_Register_EmptyData -->
        <test-method signature="Account_02_Register_IncorrectUsername()[pri:0, instance:com.nopcommerce.account.MultipleBrowser@55fe41ea]" started-at="2023-06-24T06:18:27Z" name="Account_02_Register_IncorrectUsername" finished-at="2023-06-24T06:18:27Z" duration-ms="1" status="PASS">
          <reporter-output>
          </reporter-output>
        </test-method> <!-- Account_02_Register_IncorrectUsername -->
        <test-method signature="Account_03_Register_IncorectPasword()[pri:0, instance:com.nopcommerce.account.MultipleBrowser@55fe41ea]" started-at="2023-06-24T06:18:27Z" name="Account_03_Register_IncorectPasword" finished-at="2023-06-24T06:18:27Z" duration-ms="1" status="PASS">
          <reporter-output>
          </reporter-output>
        </test-method> <!-- Account_03_Register_IncorectPasword -->
        <test-method signature="Account_04_Register_Success()[pri:0, instance:com.nopcommerce.account.MultipleBrowser@55fe41ea]" started-at="2023-06-24T06:18:27Z" name="Account_04_Register_Success" finished-at="2023-06-24T06:18:28Z" duration-ms="1686" status="PASS">
          <reporter-output>
          </reporter-output>
        </test-method> <!-- Account_04_Register_Success -->
        <test-method signature="Account_05_Login_Success()[pri:0, instance:com.nopcommerce.account.MultipleBrowser@55fe41ea]" started-at="2023-06-24T06:18:28Z" name="Account_05_Login_Success" finished-at="2023-06-24T06:18:30Z" duration-ms="1400" status="FAIL">
          <exception class="java.lang.AssertionError">
            <message>
              <![CDATA[expected [Kennedy] but found [John]]]>
            </message>
            <full-stacktrace>
              <![CDATA[java.lang.AssertionError: expected [Kennedy] but found [John]
at org.testng.Assert.fail(Assert.java:96)
at org.testng.Assert.failNotEquals(Assert.java:776)
at org.testng.Assert.assertEqualsImpl(Assert.java:137)
at org.testng.Assert.assertEquals(Assert.java:118)
at org.testng.Assert.assertEquals(Assert.java:453)
at org.testng.Assert.assertEquals(Assert.java:463)
at com.nopcommerce.account.MultipleBrowser.Account_05_Login_Success(MultipleBrowser.java:87)
at java.base/jdk.internal.reflect.NativeMethodAccessorImpl.invoke0(Native Method)
at java.base/jdk.internal.reflect.NativeMethodAccessorImpl.invoke(NativeMethodAccessorImpl.java:62)
at java.base/jdk.internal.reflect.DelegatingMethodAccessorImpl.invoke(DelegatingMethodAccessorImpl.java:43)
at java.base/java.lang.reflect.Method.invoke(Method.java:566)
at org.testng.internal.MethodInvocationHelper.invokeMethod(MethodInvocationHelper.java:124)
at org.testng.internal.Invoker.invokeMethod(Invoker.java:583)
at org.testng.internal.Invoker.invokeTestMethod(Invoker.java:719)
at org.testng.internal.Invoker.invokeTestMethods(Invoker.java:989)
at org.testng.internal.TestMethodWorker.invokeTestMethods(TestMethodWorker.java:125)
at org.testng.internal.TestMethodWorker.run(TestMethodWorker.java:109)
at org.testng.TestRunner.privateRun(TestRunner.java:648)
at org.testng.TestRunner.run(TestRunner.java:505)
at org.testng.SuiteRunner.runTest(SuiteRunner.java:455)
at org.testng.SuiteRunner.access$000(SuiteRunner.java:40)
at org.testng.SuiteRunner$SuiteWorker.run(SuiteRunner.java:489)
at org.testng.internal.thread.ThreadUtil$1.call(ThreadUtil.java:52)
at java.base/java.util.concurrent.FutureTask.run(FutureTask.java:264)
at java.base/java.util.concurrent.ThreadPoolExecutor.runWorker(ThreadPoolExecutor.java:1128)
at java.base/java.util.concurrent.ThreadPoolExecutor$Worker.run(ThreadPoolExecutor.java:628)
at java.base/java.lang.Thread.run(Thread.java:834)
]]>
            </full-stacktrace>
          </exception> <!-- java.lang.AssertionError -->
          <reporter-output>
          </reporter-output>
        </test-method> <!-- Account_05_Login_Success -->
        <test-method is-config="true" signature="afterClass()[pri:0, instance:com.nopcommerce.account.MultipleBrowser@55fe41ea]" started-at="2023-06-24T06:18:30Z" name="afterClass" finished-at="2023-06-24T06:18:31Z" duration-ms="1033" status="PASS">
          <reporter-output>
          </reporter-output>
        </test-method> <!-- afterClass -->
      </class> <!-- com.nopcommerce.account.MultipleBrowser -->
    </test> <!-- Run on Firefox -->
  </suite> <!-- Parameter -->
</testng-results>
